# JRE version: Java(TM) SE Runtime Environment (7.0_80-b15) (build 1.7.0_80-b15)
# Java VM: Java HotSpot(TM) 64-Bit Server VM (24.80-b11 mixed mode windows-amd64 compressed oops)
Heap
 PSYoungGen      total 292352K, used 90620K [0x00000007d5900000, 0x00000007fbf00000, 0x0000000800000000)
  eden space 257536K, 35% used [0x00000007d5900000,0x00000007db17f0d0,0x00000007e5480000)
  from space 34816K, 0% used [0x00000007e5480000,0x00000007e5480000,0x00000007e7680000)
  to   space 56832K, 0% used [0x00000007f8780000,0x00000007f8780000,0x00000007fbf00000)
 ParOldGen       total 142336K, used 64533K [0x0000000780c00000, 0x0000000789700000, 0x00000007d5900000)
  object space 142336K, 45% used [0x0000000780c00000,0x0000000784b055c8,0x0000000789700000)
 PSPermGen       total 38400K, used 38008K [0x000000077ba00000, 0x000000077df80000, 0x0000000780c00000)
  object space 38400K, 98% used [0x000000077ba00000,0x000000077df1e3d8,0x000000077df80000)
GC Heap History (10 events):
Event: 4.527 GC heap before
{Heap before GC invocations=4 (full 0):
 PSYoungGen      total 71680K, used 71672K [0x00000007d5900000, 0x00000007de500000, 0x0000000800000000)
  eden space 66560K, 100% used [0x00000007d5900000,0x00000007d9a00000,0x00000007d9a00000)
  from space 5120K, 99% used [0x00000007d9a00000,0x00000007d9efe180,0x00000007d9f00000)
  to   space 5120K, 0% used [0x00000007de000000,0x00000007de000000,0x00000007de500000)
 ParOldGen       total 86528K, used 6757K [0x0000000780c00000, 0x0000000786080000, 0x00000007d5900000)
  object space 86528K, 7% used [0x0000000780c00000,0x00000007812995d8,0x0000000786080000)
 PSPermGen       total 21504K, used 19376K [0x000000077ba00000, 0x000000077cf00000, 0x0000000780c00000)
  object space 21504K, 90% used [0x000000077ba00000,0x000000077ccec3a0,0x000000077cf00000)
Event: 4.541 GC heap after
Heap after GC invocations=4 (full 0):
 PSYoungGen      total 138240K, used 5096K [0x00000007d5900000, 0x00000007de500000, 0x0000000800000000)
  eden space 133120K, 0% used [0x00000007d5900000,0x00000007d5900000,0x00000007ddb00000)
  from space 5120K, 99% used [0x00000007de000000,0x00000007de4fa020,0x00000007de500000)
  to   space 5120K, 0% used [0x00000007ddb00000,0x00000007ddb00000,0x00000007de000000)
 ParOldGen       total 86528K, used 15546K [0x0000000780c00000, 0x0000000786080000, 0x00000007d5900000)
  object space 86528K, 17% used [0x0000000780c00000,0x0000000781b2eb60,0x0000000786080000)
 PSPermGen       total 21504K, used 19376K [0x000000077ba00000, 0x000000077cf00000, 0x0000000780c00000)
  object space 21504K, 90% used [0x000000077ba00000,0x000000077ccec3a0,0x000000077cf00000)
}
Event: 6.035 GC heap before
{Heap before GC invocations=5 (full 0):
 PSYoungGen      total 138240K, used 138216K [0x00000007d5900000, 0x00000007de500000, 0x0000000800000000)
  eden space 133120K, 100% used [0x00000007d5900000,0x00000007ddb00000,0x00000007ddb00000)
  from space 5120K, 99% used [0x00000007de000000,0x00000007de4fa020,0x00000007de500000)
  to   space 5120K, 0% used [0x00000007ddb00000,0x00000007ddb00000,0x00000007de000000)
 ParOldGen       total 86528K, used 15546K [0x0000000780c00000, 0x0000000786080000, 0x00000007d5900000)
  object space 86528K, 17% used [0x0000000780c00000,0x0000000781b2eb60,0x0000000786080000)
 PSPermGen       total 26112K, used 25986K [0x000000077ba00000, 0x000000077d380000, 0x0000000780c00000)
  object space 26112K, 99% used [0x000000077ba00000,0x000000077d360880,0x000000077d380000)
Event: 6.058 GC heap after
Heap after GC invocations=5 (full 0):
 PSYoungGen      total 138240K, used 5096K [0x00000007d5900000, 0x00000007e9000000, 0x0000000800000000)
  eden space 133120K, 0% used [0x00000007d5900000,0x00000007d5900000,0x00000007ddb00000)
  from space 5120K, 99% used [0x00000007ddb00000,0x00000007ddffa050,0x00000007de000000)
  to   space 26112K, 0% used [0x00000007e7680000,0x00000007e7680000,0x00000007e9000000)
 ParOldGen       total 86528K, used 36035K [0x0000000780c00000, 0x0000000786080000, 0x00000007d5900000)
  object space 86528K, 41% used [0x0000000780c00000,0x0000000782f30e00,0x0000000786080000)
 PSPermGen       total 26112K, used 25986K [0x000000077ba00000, 0x000000077d380000, 0x0000000780c00000)
  object space 26112K, 99% used [0x000000077ba00000,0x000000077d360880,0x000000077d380000)
}
Event: 6.545 GC heap before
{Heap before GC invocations=6 (full 0):
 PSYoungGen      total 138240K, used 138216K [0x00000007d5900000, 0x00000007e9000000, 0x0000000800000000)
  eden space 133120K, 100% used [0x00000007d5900000,0x00000007ddb00000,0x00000007ddb00000)
  from space 5120K, 99% used [0x00000007ddb00000,0x00000007ddffa050,0x00000007de000000)
  to   space 26112K, 0% used [0x00000007e7680000,0x00000007e7680000,0x00000007e9000000)
 ParOldGen       total 86528K, used 36035K [0x0000000780c00000, 0x0000000786080000, 0x00000007d5900000)
  object space 86528K, 41% used [0x0000000780c00000,0x0000000782f30e00,0x0000000786080000)
 PSPermGen       total 26112K, used 26016K [0x000000077ba00000, 0x000000077d380000, 0x0000000780c00000)
  object space 26112K, 99% used [0x000000077ba00000,0x000000077d368128,0x000000077d380000)
Event: 6.570 GC heap after
Heap after GC invocations=6 (full 0):
 PSYoungGen      total 283648K, used 26096K [0x00000007d5900000, 0x00000007ea100000, 0x0000000800000000)
  eden space 257536K, 0% used [0x00000007d5900000,0x00000007d5900000,0x00000007e5480000)
  from space 26112K, 99% used [0x00000007e7680000,0x00000007e8ffc028,0x00000007e9000000)
  to   space 34816K, 0% used [0x00000007e5480000,0x00000007e5480000,0x00000007e7680000)
 ParOldGen       total 86528K, used 42296K [0x0000000780c00000, 0x0000000786080000, 0x00000007d5900000)
  object space 86528K, 48% used [0x0000000780c00000,0x000000078354e030,0x0000000786080000)
 PSPermGen       total 26112K, used 26016K [0x000000077ba00000, 0x000000077d380000, 0x0000000780c00000)
  object space 26112K, 99% used [0x000000077ba00000,0x000000077d368128,0x000000077d380000)
}
Event: 7.773 GC heap before
{Heap before GC invocations=7 (full 0):
 PSYoungGen      total 283648K, used 283632K [0x00000007d5900000, 0x00000007ea100000, 0x0000000800000000)
  eden space 257536K, 100% used [0x00000007d5900000,0x00000007e5480000,0x00000007e5480000)
  from space 26112K, 99% used [0x00000007e7680000,0x00000007e8ffc028,0x00000007e9000000)
  to   space 34816K, 0% used [0x00000007e5480000,0x00000007e5480000,0x00000007e7680000)
 ParOldGen       total 86528K, used 42296K [0x0000000780c00000, 0x0000000786080000, 0x00000007d5900000)
  object space 86528K, 48% used [0x0000000780c00000,0x000000078354e030,0x0000000786080000)
 PSPermGen       total 30208K, used 30098K [0x000000077ba00000, 0x000000077d780000, 0x0000000780c00000)
  object space 30208K, 99% used [0x000000077ba00000,0x000000077d764b18,0x000000077d780000)
Event: 7.828 GC heap after
Heap after GC invocations=7 (full 0):
 PSYoungGen      total 292352K, used 34789K [0x00000007d5900000, 0x00000007fbf00000, 0x0000000800000000)
  eden space 257536K, 0% used [0x00000007d5900000,0x00000007d5900000,0x00000007e5480000)
  from space 34816K, 99% used [0x00000007e5480000,0x00000007e7679760,0x00000007e7680000)
  to   space 56832K, 0% used [0x00000007f8780000,0x00000007f8780000,0x00000007fbf00000)
 ParOldGen       total 86528K, used 71490K [0x0000000780c00000, 0x0000000786080000, 0x00000007d5900000)
  object space 86528K, 82% used [0x0000000780c00000,0x00000007851d08f8,0x0000000786080000)
 PSPermGen       total 30208K, used 30098K [0x000000077ba00000, 0x000000077d780000, 0x0000000780c00000)
  object space 30208K, 99% used [0x000000077ba00000,0x000000077d764b18,0x000000077d780000)
}
Event: 7.829 GC heap before
{Heap before GC invocations=8 (full 1):
 PSYoungGen      total 292352K, used 34789K [0x00000007d5900000, 0x00000007fbf00000, 0x0000000800000000)
  eden space 257536K, 0% used [0x00000007d5900000,0x00000007d5900000,0x00000007e5480000)
  from space 34816K, 99% used [0x00000007e5480000,0x00000007e7679760,0x00000007e7680000)
  to   space 56832K, 0% used [0x00000007f8780000,0x00000007f8780000,0x00000007fbf00000)
 ParOldGen       total 86528K, used 71490K [0x0000000780c00000, 0x0000000786080000, 0x00000007d5900000)
  object space 86528K, 82% used [0x0000000780c00000,0x00000007851d08f8,0x0000000786080000)
 PSPermGen       total 30208K, used 30098K [0x000000077ba00000, 0x000000077d780000, 0x0000000780c00000)
  object space 30208K, 99% used [0x000000077ba00000,0x000000077d764b18,0x000000077d780000)
Event: 8.040 GC heap after
Heap after GC invocations=8 (full 1):
 PSYoungGen      total 292352K, used 0K [0x00000007d5900000, 0x00000007fbf00000, 0x0000000800000000)
  eden space 257536K, 0% used [0x00000007d5900000,0x00000007d5900000,0x00000007e5480000)
  from space 34816K, 0% used [0x00000007e5480000,0x00000007e5480000,0x00000007e7680000)
  to   space 56832K, 0% used [0x00000007f8780000,0x00000007f8780000,0x00000007fbf00000)
 ParOldGen       total 142336K, used 64533K [0x0000000780c00000, 0x0000000789700000, 0x00000007d5900000)
  object space 142336K, 45% used [0x0000000780c00000,0x0000000784b055c8,0x0000000789700000)
 PSPermGen       total 30208K, used 30085K [0x000000077ba00000, 0x000000077d780000, 0x0000000780c00000)
  object space 30208K, 99% used [0x000000077ba00000,0x000000077d761408,0x000000077d780000)
}

